<?xml version="1.0" encoding="UTF-8"?>
<!-- Generated by org.testng.reporters.JUnitReportReporter -->
<testsuite hostname="namrata" failures="0" tests="6" name="loginmodule.PageSeven" time="24.898" errors="0" timestamp="2023-05-04T06:18:22 IST" skipped="0">
  <testcase classname="loginmodule.PageSeven" name="TC001" time="1.691"/>
  <system-out/>
  <testcase classname="loginmodule.PageSeven" name="TC002" time="1.802"/>
  <system-out/>
  <testcase classname="loginmodule.PageSeven" name="TC003" time="3.073"/>
  <system-out/>
  <testcase classname="loginmodule.PageSeven" name="TC004" time="6.396"/>
  <system-out/>
  <testcase classname="loginmodule.PageSeven" name="TC005" time="4.669"/>
  <system-out/>
  <testcase classname="loginmodule.PageSeven" name="TC006" time="7.267"/>
  <system-out/>
</testsuite> <!-- loginmodule.PageSeven -->
