<?xml version="1.0" encoding="UTF-8"?>
<!-- Generated by org.testng.reporters.JUnitReportReporter -->
<testsuite hostname="namrata" failures="0" tests="4" name="orangeHrmProjectPages.LoginTestCases" time="104.944" errors="0" timestamp="2023-05-04T10:53:56 IST" skipped="0">
  <testcase classname="orangeHrmProjectPages.LoginTestCases" name="validatelogin" time="17.365"/>
  <system-out/>
  <testcase classname="orangeHrmProjectPages.LoginTestCases" name="loginButton" time="23.187"/>
  <system-out/>
  <testcase classname="orangeHrmProjectPages.LoginTestCases" name="loginButton1" time="38.908"/>
  <system-out/>
  <testcase classname="orangeHrmProjectPages.LoginTestCases" name="loginButton2" time="25.484"/>
  <system-out/>
</testsuite> <!-- orangeHrmProjectPages.LoginTestCases -->
