<?xml version="1.0" encoding="UTF-8"?>
<!-- Generated by org.testng.reporters.JUnitReportReporter -->
<testsuite hostname="namrata" failures="0" tests="7" name="loginmodule.PageSix" time="31.640" errors="0" timestamp="2023-05-04T06:15:51 IST" skipped="0">
  <testcase classname="loginmodule.PageSix" name="TC001" time="3.199"/>
  <system-out/>
  <testcase classname="loginmodule.PageSix" name="TC002" time="2.359"/>
  <system-out/>
  <testcase classname="loginmodule.PageSix" name="TC003" time="3.574"/>
  <system-out/>
  <testcase classname="loginmodule.PageSix" name="TC004" time="6.684"/>
  <system-out/>
  <testcase classname="loginmodule.PageSix" name="TC005" time="4.015"/>
  <system-out/>
  <testcase classname="loginmodule.PageSix" name="TC006" time="6.129"/>
  <system-out/>
  <testcase classname="loginmodule.PageSix" name="TC007" time="5.680"/>
  <system-out/>
</testsuite> <!-- loginmodule.PageSix -->
