<?xml version="1.0" encoding="UTF-8"?>
<!-- Generated by org.testng.reporters.JUnitReportReporter -->
<testsuite hostname="namrata" failures="0" tests="1" name="adminModule.UsermanagementPage" time="6.333" errors="0" timestamp="2023-05-04T09:59:43 IST" skipped="0">
  <testcase classname="adminModule.UsermanagementPage" name="TC006" time="6.333"/>
  <system-out/>
</testsuite> <!-- adminModule.UsermanagementPage -->
