<?xml version="1.0" encoding="UTF-8"?>
<!-- Generated by org.testng.reporters.JUnitReportReporter -->
<testsuite hostname="namrata" failures="0" tests="8" name="loginmodule.PageFour" time="63.515" errors="0" timestamp="2023-05-04T06:24:10 IST" skipped="0">
  <testcase classname="loginmodule.PageFour" name="TC001" time="5.484"/>
  <system-out/>
  <testcase classname="loginmodule.PageFour" name="TC002" time="5.280"/>
  <system-out/>
  <testcase classname="loginmodule.PageFour" name="TC003" time="10.269"/>
  <system-out/>
  <testcase classname="loginmodule.PageFour" name="TC004" time="6.663"/>
  <system-out/>
  <testcase classname="loginmodule.PageFour" name="TC005" time="10.196"/>
  <system-out/>
  <testcase classname="loginmodule.PageFour" name="TC006" time="8.000"/>
  <system-out/>
  <testcase classname="loginmodule.PageFour" name="TC007" time="8.042"/>
  <system-out/>
  <testcase classname="loginmodule.PageFour" name="TC008" time="9.581"/>
  <system-out/>
</testsuite> <!-- loginmodule.PageFour -->
